0 info it worked if it ends with ok
1 verbose cli [ '/usr/local/bin/node', '/home/sid/.node/bin/npm', 'start' ]
2 info using npm@3.9.0
3 info using node@v6.8.1
4 verbose run-script [ 'prestart', 'start', 'poststart' ]
5 info lifecycle tasklist@1.0.0~prestart: tasklist@1.0.0
6 silly lifecycle tasklist@1.0.0~prestart: no script for prestart, continuing
7 info lifecycle tasklist@1.0.0~start: tasklist@1.0.0
8 verbose lifecycle tasklist@1.0.0~start: unsafe-perm in lifecycle true
9 verbose lifecycle tasklist@1.0.0~start: PATH: /home/sid/.node/lib/node_modules/npm/bin/node-gyp-bin:/home/sid/Desktop/tasklist/public/node_modules/.bin:/usr/local/bin:/home/sid/.node/bin:/usr/local/heroku/bin:/home/sid/.node/bin:/usr/local/heroku/bin:/usr/local/heroku/bin:/home/sid/.node/bin:/usr/local/heroku/bin:/usr/local/heroku/bin:/home/sid/.rvm/gems/ruby-2.2.3/bin:/home/sid/.rvm/gems/ruby-2.2.3@global/bin:/home/sid/.rvm/rubies/ruby-2.2.3/bin:/usr/local/sbin:/usr/local/bin:/usr/sbin:/usr/bin:/sbin:/bin:/usr/games:/usr/local/games:/home/sid/.rvm/bin:/home/sid/.composer/vendor/bin:/home/sid/bin/maven/bin:/home/sid/.rvm/bin:/home/sid/documents/activator-1.3.7-minimal/:/home/sid/.composer/vendor/bin:/home/sid/bin/maven/bin:/home/sid/.rvm/bin:/home/sid/documents/activator-1.3.7-minimal/:/home/sid/.composer/vendor/bin:/home/sid/bin/maven/bin:/home/sid/.rvm/bin:/home/sid/documents/activator-1.3.7-minimal/:/home/sid/.composer/vendor/bin:/home/sid/bin/maven/bin:/home/sid/.rvm/bin:/home/sid/documents/activator-1.3.7-minimal/::/home/sid/.composer/vendor/bin:/home/sid/bin/maven/bin:/home/sid/.rvm/bin:/home/sid/documents/activator-1.3.7-minimal/
10 verbose lifecycle tasklist@1.0.0~start: CWD: /home/sid/Desktop/tasklist/public
11 silly lifecycle tasklist@1.0.0~start: Args: [ '-c', 'tsc && concurrently "tsc -w" "lite-server" ' ]
12 silly lifecycle tasklist@1.0.0~start: Returned: code: 2  signal: null
13 info lifecycle tasklist@1.0.0~start: Failed to exec start script
14 verbose stack Error: tasklist@1.0.0 start: `tsc && concurrently "tsc -w" "lite-server" `
14 verbose stack Exit status 2
14 verbose stack     at EventEmitter.<anonymous> (/home/sid/.node/lib/node_modules/npm/lib/utils/lifecycle.js:245:16)
14 verbose stack     at emitTwo (events.js:106:13)
14 verbose stack     at EventEmitter.emit (events.js:191:7)
14 verbose stack     at ChildProcess.<anonymous> (/home/sid/.node/lib/node_modules/npm/lib/utils/spawn.js:24:14)
14 verbose stack     at emitTwo (events.js:106:13)
14 verbose stack     at ChildProcess.emit (events.js:191:7)
14 verbose stack     at maybeClose (internal/child_process.js:877:16)
14 verbose stack     at Process.ChildProcess._handle.onexit (internal/child_process.js:226:5)
15 verbose pkgid tasklist@1.0.0
16 verbose cwd /home/sid/Desktop/tasklist/public
17 error Linux 4.2.0-42-generic
18 error argv "/usr/local/bin/node" "/home/sid/.node/bin/npm" "start"
19 error node v6.8.1
20 error npm  v3.9.0
21 error code ELIFECYCLE
22 error tasklist@1.0.0 start: `tsc && concurrently "tsc -w" "lite-server" `
22 error Exit status 2
23 error Failed at the tasklist@1.0.0 start script 'tsc && concurrently "tsc -w" "lite-server" '.
23 error Make sure you have the latest version of node.js and npm installed.
23 error If you do, this is most likely a problem with the tasklist package,
23 error not with npm itself.
23 error Tell the author that this fails on your system:
23 error     tsc && concurrently "tsc -w" "lite-server"
23 error You can get information on how to open an issue for this project with:
23 error     npm bugs tasklist
23 error Or if that isn't available, you can get their info via:
23 error     npm owner ls tasklist
23 error There is likely additional logging output above.
24 verbose exit [ 1, true ]
